app/build/outputs/mapping/release/seeds.txt
google.com.fabquiz.Internet.ConnectionReceiver
google.com.fabquiz.Internet.ConnectionReceiver: ConnectionReceiver()
google.com.fabquiz.Internet.TestApplication
google.com.fabquiz.Internet.TestApplication: TestApplication()
google.com.fabquiz.Login.Login
google.com.fabquiz.Login.Login: Login()
google.com.fabquiz.MainActivity
google.com.fabquiz.MainActivity: MainActivity()
google.com.fabquiz.Nougat.NetworkSchedulerService
google.com.fabquiz.Nougat.NetworkSchedulerService: NetworkSchedulerService()
google.com.fabquiz.R$anim: int abc_fade_in
google.com.fabquiz.R$anim: int abc_fade_out
google.com.fabquiz.R$anim: int abc_grow_fade_in_from_bottom
google.com.fabquiz.R$anim: int abc_popup_enter
google.com.fabquiz.R$anim: int abc_popup_exit
google.com.fabquiz.R$anim: int abc_shrink_fade_out_from_bottom
google.com.fabquiz.R$anim: int abc_slide_in_bottom
google.com.fabquiz.R$anim: int abc_slide_in_top
google.com.fabquiz.R$anim: int abc_slide_out_bottom
google.com.fabquiz.R$anim: int abc_slide_out_top
google.com.fabquiz.R$anim: int abc_tooltip_enter
google.com.fabquiz.R$anim: int abc_tooltip_exit
google.com.fabquiz.R$anim: int bounce
google.com.fabquiz.R$anim: int bounce2
google.com.fabquiz.R$anim: int cycle
google.com.fabquiz.R$anim: int decelerate_cubic
google.com.fabquiz.R$anim: int design_bottom_sheet_slide_in
google.com.fabquiz.R$anim: int design_bottom_sheet_slide_out
google.com.fabquiz.R$anim: int design_snackbar_in
google.com.fabquiz.R$anim: int design_snackbar_out
google.com.fabquiz.R$anim: int fade_in
google.com.fabquiz.R$anim: int fui_slide_in_right
google.com.fabquiz.R$anim: int fui_slide_out_left
google.com.fabquiz.R$anim: int left_enter
google.com.fabquiz.R$anim: int left_out
google.com.fabquiz.R$anim: int mytransiton
google.com.fabquiz.R$anim: int mytransiton2
google.com.fabquiz.R$anim: int popup_enter
google.com.fabquiz.R$anim: int popup_exit
google.com.fabquiz.R$anim: int right_enter
google.com.fabquiz.R$anim: int right_out
google.com.fabquiz.R$anim: int shake
google.com.fabquiz.R$animator: int design_appbar_state_list_animator
google.com.fabquiz.R$animator: int design_fab_hide_motion_spec
google.com.fabquiz.R$animator: int design_fab_show_motion_spec
google.com.fabquiz.R$animator: int mtrl_btn_state_list_anim
google.com.fabquiz.R$animator: int mtrl_btn_unelevated_state_list_anim
google.com.fabquiz.R$animator: int mtrl_chip_state_list_anim
google.com.fabquiz.R$animator: int mtrl_fab_hide_motion_spec
google.com.fabquiz.R$animator: int mtrl_fab_show_motion_spec
google.com.fabquiz.R$animator: int mtrl_fab_transformation_sheet_collapse_spec
google.com.fabquiz.R$animator: int mtrl_fab_transformation_sheet_expand_spec
google.com.fabquiz.R$array: int Default
google.com.fabquiz.R$array: int com_google_android_gms_fonts_certs
google.com.fabquiz.R$array: int com_google_android_gms_fonts_certs_dev
google.com.fabquiz.R$array: int com_google_android_gms_fonts_certs_prod
google.com.fabquiz.R$array: int preloaded_fonts
...
com.firebase.ui.auth.ui.AppCompatBase: AppCompatBase()
com.firebase.ui.auth.ui.HelperActivityBase: HelperActivityBase()
com.firebase.ui.auth.ui.credentials.CredentialSaveActivity
com.firebase.ui.auth.ui.credentials.CredentialSaveActivity: CredentialSaveActivity()
com.firebase.ui.auth.ui.email.EmailActivity
com.firebase.ui.auth.ui.email.EmailActivity: EmailActivity()
com.firebase.ui.auth.ui.email.RecoverPasswordActivity
com.firebase.ui.auth.ui.email.RecoverPasswordActivity: RecoverPasswordActivity()
com.firebase.ui.auth.ui.email.RecoverPasswordActivity: void onClick(android.view.View)
com.firebase.ui.auth.ui.email.WelcomeBackPasswordPrompt
com.firebase.ui.auth.ui.email.WelcomeBackPasswordPrompt: WelcomeBackPasswordPrompt()
com.firebase.ui.auth.ui.email.WelcomeBackPasswordPrompt: void onClick(android.view.View)
com.firebase.ui.auth.ui.idp.AuthMethodPickerActivity
com.firebase.ui.auth.ui.idp.AuthMethodPickerActivity: AuthMethodPickerActivity()
com.firebase.ui.auth.ui.idp.WelcomeBackIdpPrompt
com.firebase.ui.auth.ui.idp.WelcomeBackIdpPrompt: WelcomeBackIdpPrompt()
com.firebase.ui.auth.ui.phone.CountryListSpinner
com.firebase.ui.auth.ui.phone.CountryListSpinner: CountryListSpinner(android.content.Context,android.util.AttributeSet)
com.firebase.ui.auth.ui.phone.CountryListSpinner: void setOnClickListener(android.view.View$OnClickListener)
com.firebase.ui.auth.ui.phone.PhoneActivity
com.firebase.ui.auth.ui.phone.PhoneActivity: PhoneActivity()
com.firebase.ui.auth.ui.phone.PhoneActivity$VerificationState: com.firebase.ui.auth.ui.phone.PhoneActivity$VerificationState[] values()
com.firebase.ui.auth.ui.phone.PhoneActivity$VerificationState: com.firebase.ui.auth.ui.phone.PhoneActivity$VerificationState valueOf(java.lang.String)
com.firebase.ui.auth.ui.phone.SpacedEditText
com.firebase.ui.auth.ui.phone.SpacedEditText: SpacedEditText(android.content.Context,android.util.AttributeSet)
com.firebase.ui.auth.ui.phone.SpacedEditText: void setSelection(int)
com.firebase.ui.auth.ui.phone.SpacedEditText: android.text.Editable getUnspacedText()
com.firebase.ui.auth.util.FirebaseAuthError: com.firebase.ui.auth.util.FirebaseAuthError[] values()
com.firebase.ui.auth.util.FirebaseAuthError: com.firebase.ui.auth.util.FirebaseAuthError valueOf(java.lang.String)
com.firebase.ui.auth.util.ui.BaselineTextInputLayout
com.firebase.ui.auth.util.ui.BaselineTextInputLayout: BaselineTextInputLayout(android.content.Context,android.util.AttributeSet)
com.firebase.ui.auth.util.ui.BaselineTextInputLayout: int getBaseline()
com.firebase.ui.auth.util.ui.SupportVectorDrawablesButton
com.firebase.ui.auth.util.ui.SupportVectorDrawablesButton: SupportVectorDrawablesButton(android.content.Context,android.util.AttributeSet)
com.firebase.ui.auth.viewmodel.AuthViewModelBase
com.firebase.ui.auth.viewmodel.AuthViewModelBase: AuthViewModelBase(android.app.Application)
com.firebase.ui.auth.viewmodel.FlowHolder
com.firebase.ui.auth.viewmodel.FlowHolder: FlowHolder(android.app.Application)
com.firebase.ui.auth.viewmodel.ViewModelBase
com.firebase.ui.auth.viewmodel.ViewModelBase: ViewModelBase(android.app.Application)
com.firebase.ui.auth.viewmodel.email.RecoverPasswordHandler
com.firebase.ui.auth.viewmodel.email.RecoverPasswordHandler: RecoverPasswordHandler(android.app.Application)
com.firebase.ui.auth.viewmodel.email.WelcomeBackPasswordHandler
com.firebase.ui.auth.viewmodel.email.WelcomeBackPasswordHandler: WelcomeBackPasswordHandler(android.app.Application)
com.firebase.ui.auth.viewmodel.smartlock.SmartLockHandler
com.firebase.ui.auth.viewmodel.smartlock.SmartLockHandler: SmartLockHandler(android.app.Application)
com.firebase.ui.database.ChangeEventListener$EventType: com.firebase.ui.database.ChangeEventListener$EventType[] values()
com.firebase.ui.database.ChangeEventListener$EventType: com.firebase.ui.database.ChangeEventListener$EventType valueOf(java.lang.String)