app/build/outputs/mapping/release/usage.txt
google.com.fabquiz.BuildConfig
google.com.fabquiz.Home_Fragment$Listener:
    public abstract void onStartGameRequested(boolean)
    public abstract void onSignOutButtonClicked()
google.com.fabquiz.Internet.ConnectionReceiver$ConnectionReceiverListener:
    public abstract void onClick(android.view.View)
google.com.fabquiz.Internet.TestApplication:
    44:46:public void addToRequestQueue(com.android.volley.Request,java.lang.String)
    52:55:public void cancelPendingRequests(java.lang.Object)
    77:77:public static boolean isInterestingActivityVisible()
google.com.fabquiz.Login.Edit_Profile_Fragment:
    com.google.firebase.firestore.FirebaseFirestore mFirestore
    private static final int GALLERY_INTENT
    private static final int CAPTURE_INTENT
google.com.fabquiz.Login.Login:
    com.google.firebase.iid.FirebaseInstanceId instanceID
    public static java.lang.String catname
    com.google.firebase.auth.FirebaseAuth$AuthStateListener mAuthListener
google.com.fabquiz.Login.User:
    28:29:public void setPhonenumber(java.lang.String)
    36:37:public void setFullname(java.lang.String)
    44:45:public void setGetprofile(java.lang.String)
    52:53:public void setUserId(java.lang.String)
google.com.fabquiz.MainActivity:
    private static final int RC_UNUSED
    private static final int RC_SIGN_IN
    87:87:private void signOut()
    477:477:private boolean isSignedIn()
    512:512:public void onStartGameRequested(boolean)
    555:557:public void onSignOutButtonClicked()
google.com.fabquiz.Manifest
google.com.fabquiz.Manifest$permission
google.com.fabquiz.Nougat.Constants
google.com.fabquiz.Nougat.NetworkSchedulerService:
    62:62:public void onClick(android.view.View)
google.com.fabquiz.R
google.com.fabquiz.R$anim
google.com.fabquiz.R$animator
google.com.fabquiz.R$array
google.com.fabquiz.R$attr
google.com.fabquiz.R$bool
google.com.fabquiz.R$color
google.com.fabquiz.R$dimen
google.com.fabquiz.R$drawable
google.com.fabquiz.R$font
google.com.fabquiz.R$id
google.com.fabquiz.R$integer
google.com.fabquiz.R$interpolator
google.com.fabquiz.R$layout
google.com.fabquiz.R$menu
google.com.fabquiz.R$mipmap
google.com.fabquiz.R$plurals
google.com.fabquiz.R$raw
google.com.fabquiz.R$string
google.com.fabquiz.R$style
google.com.fabquiz.R$styleable
google.com.fabquiz.R$xml
google.com.fabquiz.Result_Fragment:
    java.lang.String total
google.com.fabquiz.ScreenshotAnswer.Screenshot
google.com.fabquiz.Settings_Fragment:
    com.google.firebase.auth.FirebaseAuth$AuthStateListener mAuthListener
google.com.fabquiz.SplahScreen:
    int max2
    java.lang.Integer p2
    com.google.firebase.database.DataSnapshot dataSnapshot2
    private android.content.IntentFilter intentFilter
    private google.com.fabquiz.Internet.ConnectionReceiver receiver
    80:97:private void checkConnection2(int)
    99:140:private void setQuestionsView(int)
    143:155:private void mytry(int)
    159:167:private void buttonnext()
    289:306:private void buttonprev()
    47:47:static synthetic void access$000(google.com.fabquiz.SplahScreen)
    47:47:static synthetic void access$100(google.com.fabquiz.SplahScreen,int)
    47:47:static synthetic void access$300(google.com.fabquiz.SplahScreen,int)
google.com.fabquiz.SplahScreen$1
google.com.fabquiz.SplahScreen$1$1
google.com.fabquiz.SplahScreen$2
google.com.fabquiz.SplahScreen$4
google.com.fabquiz.Utils:
    7:7:public Utils()
google.com.fabquiz.database.CategoryC:
    java.lang.String categoryid
    9:14:public CategoryC(java.lang.String,java.lang.String,java.lang.String,java.lang.String)
    16:16:public java.lang.String getCategoryid()
    19:20:public void setCategoryid(java.lang.String)
    25:26:public void setCategory_name(java.lang.String)
    31:32:public void setImage(java.lang.String)
    37:38:public void setNoofsub(java.lang.String)
google.com.fabquiz.database.CategoryViewHolder2:
    24:29:public CategoryViewHolder2(android.view.View)
...
com.google.i18n.phonenumbers.PhoneNumberUtil$Leniency$4
com.google.i18n.phonenumbers.PhoneNumberUtil$Leniency$4$1
com.google.i18n.phonenumbers.PhoneNumberUtil$MatchType
com.google.i18n.phonenumbers.Phonemetadata:
    36:36:private Phonemetadata()
com.google.i18n.phonenumbers.Phonemetadata$NumberFormat:
    private static final long serialVersionUID
    75:75:public static com.google.i18n.phonenumbers.Phonemetadata$NumberFormat$Builder newBuilder()
    81:81:public boolean hasPattern()
    92:92:public boolean hasFormat()
    103:103:public java.util.List leadingDigitPatterns()
    110:114:public com.google.i18n.phonenumbers.Phonemetadata$NumberFormat addLeadingDigitsPattern(java.lang.String)
    120:120:public boolean hasNationalPrefixFormattingRule()
    128:130:public com.google.i18n.phonenumbers.Phonemetadata$NumberFormat clearNationalPrefixFormattingRule()
    137:137:public boolean hasNationalPrefixOptionalWhenFormatting()
    139:139:public boolean getNationalPrefixOptionalWhenFormatting()
    150:150:public boolean hasDomesticCarrierCodeFormattingRule()
com.google.i18n.phonenumbers.Phonemetadata$NumberFormat$Builder
com.google.i18n.phonenumbers.Phonemetadata$PhoneMetadata:
    private static final long serialVersionUID
    366:366:public static com.google.i18n.phonenumbers.Phonemetadata$PhoneMetadata$Builder newBuilder()
    372:372:public boolean hasGeneralDesc()
    386:386:public boolean hasFixedLine()
    400:400:public boolean hasMobile()
    414:414:public boolean hasTollFree()
    428:428:public boolean hasPremiumRate()
    442:442:public boolean hasSharedCost()
    456:456:public boolean hasPersonalNumber()
    470:470:public boolean hasVoip()
    484:484:public boolean hasPager()
    498:498:public boolean hasUan()
    512:512:public boolean hasEmergency()
    513:513:public com.google.i18n.phonenumbers.Phonemetadata$PhoneNumberDesc getEmergency()
    526:526:public boolean hasVoicemail()
    540:540:public boolean hasShortCode()
    541:541:public com.google.i18n.phonenumbers.Phonemetadata$PhoneNumberDesc getShortCode()
    554:554:public boolean hasStandardRate()
    555:555:public com.google.i18n.phonenumbers.Phonemetadata$PhoneNumberDesc getStandardRate()
    568:568:public boolean hasCarrierSpecific()
    569:569:public com.google.i18n.phonenumbers.Phonemetadata$PhoneNumberDesc getCarrierSpecific()
    582:582:public boolean hasSmsServices()
    583:583:public com.google.i18n.phonenumbers.Phonemetadata$PhoneNumberDesc getSmsServices()
    596:596:public boolean hasNoInternationalDialling()
com.google.i18n.phonenumbers.Phonemetadata$PhoneMetadata$Builder
com.google.i18n.phonenumbers.Phonemetadata$PhoneMetadataCollection:
    private static final long serialVersionUID
    1135:1135:public static com.google.i18n.phonenumbers.Phonemetadata$PhoneMetadataCollection$Builder newBuilder()
    1147:1151:public com.google.i18n.phonenumbers.Phonemetadata$PhoneMetadataCollection addMetadata(com.google.i18n.phonenumbers.Phonemetadata$PhoneMetadata)
    1172:1173:public com.google.i18n.phonenumbers.Phonemetadata$PhoneMetadataCollection clear()
com.google.i18n.phonenumbers.Phonemetadata$PhoneMetadataCollection$Builder